<?xml version="1.0" encoding="UTF-8"?>
<!-- Generated by org.testng.reporters.JUnitXMLReporter -->
<testsuite ignored="0" hostname="DESKTOP-TTB3E54" failures="0" tests="3" name="Test" time="166.049" errors="0" timestamp="2021-12-02T14:01:53 EST">
  <testcase classname="TestCases.Hover" name="hoverclass" time="56.87"/>
  <testcase classname="TestCases.AlertClass" name="alertclass" time="27.142"/>
  <testcase classname="TestCases.WindowHandler" name="windowhandler" time="76.837"/>
</testsuite> <!-- Test -->
