<?xml version="1.0" encoding="UTF-8"?>
<testng-results ignored="0" total="1" passed="1" failed="0" skipped="0">
  <reporter-output>
  </reporter-output>
  <suite started-at="2021-12-02T13:08:17 EST" name="Suite" finished-at="2021-12-02T13:08:47 EST" duration-ms="30026">
    <groups>
    </groups>
    <test started-at="2021-12-02T13:08:17 EST" name="Test" finished-at="2021-12-02T13:08:47 EST" duration-ms="30026">
      <class name="TestCases.Hover">
        <test-method is-config="true" signature="beforemethod()[pri:0, instance:TestCases.Hover@3d1cfad4]" started-at="2021-12-02T13:08:17 EST" name="beforemethod" finished-at="2021-12-02T13:08:17 EST" duration-ms="224" status="PASS">
          <reporter-output>
          </reporter-output>
        </test-method> <!-- beforemethod -->
        <test-method signature="hoverclass()[pri:0, instance:TestCases.Hover@3d1cfad4]" started-at="2021-12-02T13:08:17 EST" name="hoverclass" finished-at="2021-12-02T13:08:46 EST" duration-ms="29252" status="PASS">
          <reporter-output>
          </reporter-output>
        </test-method> <!-- hoverclass -->
        <test-method is-config="true" signature="aftermethod()[pri:0, instance:TestCases.Hover@3d1cfad4]" started-at="2021-12-02T13:08:46 EST" name="aftermethod" finished-at="2021-12-02T13:08:47 EST" duration-ms="514" status="PASS">
          <reporter-output>
          </reporter-output>
        </test-method> <!-- aftermethod -->
      </class> <!-- TestCases.Hover -->
    </test> <!-- Test -->
  </suite> <!-- Suite -->
</testng-results>
